<?xml version="1.0" encoding="UTF-8"?>
<testsuites name="ProductUnavailablePageValidation_TestSuite" time="1.92" tests="1" failures="0" errors="1">
   <testsuite name="ProductUnavailablePageValidation_TestSuite" tests="1" failures="0" errors="1" time="1.92" timestamp="2020-06-11 16:34:35" hostname="kpallame - T470-PF0SZ0B9.ad.mdp.com" id="Test Suites/SmokeSuite_Demo/ProductUnavailablePageValidation_TestSuite">
      <properties>
         <property name="deviceName" value=""/>
         <property name="devicePlatform" value=""/>
         <property name="logFolder" value="C:\\Users\\kpallame\\git\\katalon_bdd\\KatalonBDDShopNation\\Reports\\20200611_163424\\SmokeSuite_Demo\\ProductUnavailablePageValidation_TestSuite\\20200611_163424"/>
         <property name="logFiles" value="C:\\Users\\kpallame\\git\\katalon_bdd\\KatalonBDDShopNation\\Reports\\20200611_163424\\SmokeSuite_Demo\\ProductUnavailablePageValidation_TestSuite\\20200611_163424\\execution0.log"/>
         <property name="attachments" value=""/>
         <property name="hostName" value="kpallame - T470-PF0SZ0B9.ad.mdp.com"/>
         <property name="hostAddress" value="10.150.138.66"/>
         <property name="os" value="Windows 10 64bit"/>
         <property name="katalonVersion" value="7.5.5.1"/>
      </properties>
      <testcase name="Test Cases/Smoke_Demo/ProductUnavailablePageValidation" time="1.122" classname="Test Cases/Smoke_Demo/ProductUnavailablePageValidation" status="ERROR">
         <error type="ERROR" message="Test Cases/Smoke_Demo/ProductUnavailablePageValidation FAILED.
Reason:
java.lang.NullPointerException: Cannot invoke method contentEquals() on null object
	at ProductUnavailablePageValidation.run(ProductUnavailablePageValidation:29)
	at com.kms.katalon.core.main.ScriptEngine.run(ScriptEngine.java:194)
	at com.kms.katalon.core.main.ScriptEngine.runScriptAsRawText(ScriptEngine.java:119)
	at com.kms.katalon.core.main.TestCaseExecutor.runScript(TestCaseExecutor.java:337)
	at com.kms.katalon.core.main.TestCaseExecutor.doExecute(TestCaseExecutor.java:328)
	at com.kms.katalon.core.main.TestCaseExecutor.processExecutionPhase(TestCaseExecutor.java:307)
	at com.kms.katalon.core.main.TestCaseExecutor.accessMainPhase(TestCaseExecutor.java:299)
	at com.kms.katalon.core.main.TestCaseExecutor.execute(TestCaseExecutor.java:233)
	at com.kms.katalon.core.main.TestSuiteExecutor.accessTestCaseMainPhase(TestSuiteExecutor.java:169)
	at com.kms.katalon.core.main.TestSuiteExecutor.accessTestSuiteMainPhase(TestSuiteExecutor.java:142)
	at com.kms.katalon.core.main.TestSuiteExecutor.execute(TestSuiteExecutor.java:91)
	at com.kms.katalon.core.main.TestCaseMain.startTestSuite(TestCaseMain.java:157)
	at com.kms.katalon.core.main.TestCaseMain$startTestSuite$0.call(Unknown Source)
	at TempTestSuite1591873464179.run(TempTestSuite1591873464179.groovy:37)
"/>
         <system-out><![CDATA[2020-06-11 16:34:35 - [TEST_CASE][ERROR] - Test Cases/Smoke_Demo/ProductUnavailablePageValidation: Test Cases/Smoke_Demo/ProductUnavailablePageValidation FAILED.
Reason:
java.lang.NullPointerException: Cannot invoke method contentEquals() on null object
	at ProductUnavailablePageValidation.run(ProductUnavailablePageValidation:29)
	at com.kms.katalon.core.main.ScriptEngine.run(ScriptEngine.java:194)
	at com.kms.katalon.core.main.ScriptEngine.runScriptAsRawText(ScriptEngine.java:119)
	at com.kms.katalon.core.main.TestCaseExecutor.runScript(TestCaseExecutor.java:337)
	at com.kms.katalon.core.main.TestCaseExecutor.doExecute(TestCaseExecutor.java:328)
	at com.kms.katalon.core.main.TestCaseExecutor.processExecutionPhase(TestCaseExecutor.java:307)
	at com.kms.katalon.core.main.TestCaseExecutor.accessMainPhase(TestCaseExecutor.java:299)
	at com.kms.katalon.core.main.TestCaseExecutor.execute(TestCaseExecutor.java:233)
	at com.kms.katalon.core.main.TestSuiteExecutor.accessTestCaseMainPhase(TestSuiteExecutor.java:169)
	at com.kms.katalon.core.main.TestSuiteExecutor.accessTestSuiteMainPhase(TestSuiteExecutor.java:142)
	at com.kms.katalon.core.main.TestSuiteExecutor.execute(TestSuiteExecutor.java:91)
	at com.kms.katalon.core.main.TestCaseMain.startTestSuite(TestCaseMain.java:157)
	at com.kms.katalon.core.main.TestCaseMain$startTestSuite$0.call(Unknown Source)
	at TempTestSuite1591873464179.run(TempTestSuite1591873464179.groovy:37)


2020-06-11 16:34:36 - [TEST_STEP][PASSED] - url = url: null

2020-06-11 16:34:36 - [TEST_STEP][PASSED] - applicationName = applicationName: null

2020-06-11 16:34:36 - [TEST_STEP][PASSED] - deviceType = deviceType: null

2020-06-11 16:34:36 - [TEST_STEP][PASSED] - isCanonical = <not implemented yet for class: org.codehaus.groovy.ast.expr.EmptyExpression>: null

2020-06-11 16:34:36 - [TEST_STEP][PASSED] - if (url.contentEquals("parenting") || url.contentEquals("realsimple") || url.contentEquals("people")): null]]></system-out>
         <system-err><![CDATA[2020-06-11 16:34:35 - [TEST_CASE][ERROR] - Test Cases/Smoke_Demo/ProductUnavailablePageValidation: Test Cases/Smoke_Demo/ProductUnavailablePageValidation FAILED.
Reason:
java.lang.NullPointerException: Cannot invoke method contentEquals() on null object
	at ProductUnavailablePageValidation.run(ProductUnavailablePageValidation:29)
	at com.kms.katalon.core.main.ScriptEngine.run(ScriptEngine.java:194)
	at com.kms.katalon.core.main.ScriptEngine.runScriptAsRawText(ScriptEngine.java:119)
	at com.kms.katalon.core.main.TestCaseExecutor.runScript(TestCaseExecutor.java:337)
	at com.kms.katalon.core.main.TestCaseExecutor.doExecute(TestCaseExecutor.java:328)
	at com.kms.katalon.core.main.TestCaseExecutor.processExecutionPhase(TestCaseExecutor.java:307)
	at com.kms.katalon.core.main.TestCaseExecutor.accessMainPhase(TestCaseExecutor.java:299)
	at com.kms.katalon.core.main.TestCaseExecutor.execute(TestCaseExecutor.java:233)
	at com.kms.katalon.core.main.TestSuiteExecutor.accessTestCaseMainPhase(TestSuiteExecutor.java:169)
	at com.kms.katalon.core.main.TestSuiteExecutor.accessTestSuiteMainPhase(TestSuiteExecutor.java:142)
	at com.kms.katalon.core.main.TestSuiteExecutor.execute(TestSuiteExecutor.java:91)
	at com.kms.katalon.core.main.TestCaseMain.startTestSuite(TestCaseMain.java:157)
	at com.kms.katalon.core.main.TestCaseMain$startTestSuite$0.call(Unknown Source)
	at TempTestSuite1591873464179.run(TempTestSuite1591873464179.groovy:37)]]></system-err>
      </testcase>
      <system-out><![CDATA[2020-06-11 16:34:35 - [TEST_SUITE][ERROR] - ProductUnavailablePageValidation_TestSuite: Test Cases/Smoke_Demo/ProductUnavailablePageValidation FAILED.
Reason:
java.lang.NullPointerException: Cannot invoke method contentEquals() on null object
	at ProductUnavailablePageValidation.run(ProductUnavailablePageValidation:29)
	at com.kms.katalon.core.main.ScriptEngine.run(ScriptEngine.java:194)
	at com.kms.katalon.core.main.ScriptEngine.runScriptAsRawText(ScriptEngine.java:119)
	at com.kms.katalon.core.main.TestCaseExecutor.runScript(TestCaseExecutor.java:337)
	at com.kms.katalon.core.main.TestCaseExecutor.doExecute(TestCaseExecutor.java:328)
	at com.kms.katalon.core.main.TestCaseExecutor.processExecutionPhase(TestCaseExecutor.java:307)
	at com.kms.katalon.core.main.TestCaseExecutor.accessMainPhase(TestCaseExecutor.java:299)
	at com.kms.katalon.core.main.TestCaseExecutor.execute(TestCaseExecutor.java:233)
	at com.kms.katalon.core.main.TestSuiteExecutor.accessTestCaseMainPhase(TestSuiteExecutor.java:169)
	at com.kms.katalon.core.main.TestSuiteExecutor.accessTestSuiteMainPhase(TestSuiteExecutor.java:142)
	at com.kms.katalon.core.main.TestSuiteExecutor.execute(TestSuiteExecutor.java:91)
	at com.kms.katalon.core.main.TestCaseMain.startTestSuite(TestCaseMain.java:157)
	at com.kms.katalon.core.main.TestCaseMain$startTestSuite$0.call(Unknown Source)
	at TempTestSuite1591873464179.run(TempTestSuite1591873464179.groovy:37)]]></system-out>
      <system-err><![CDATA[2020-06-11 16:34:35 - [TEST_SUITE][ERROR] - ProductUnavailablePageValidation_TestSuite: Test Cases/Smoke_Demo/ProductUnavailablePageValidation FAILED.
Reason:
java.lang.NullPointerException: Cannot invoke method contentEquals() on null object
	at ProductUnavailablePageValidation.run(ProductUnavailablePageValidation:29)
	at com.kms.katalon.core.main.ScriptEngine.run(ScriptEngine.java:194)
	at com.kms.katalon.core.main.ScriptEngine.runScriptAsRawText(ScriptEngine.java:119)
	at com.kms.katalon.core.main.TestCaseExecutor.runScript(TestCaseExecutor.java:337)
	at com.kms.katalon.core.main.TestCaseExecutor.doExecute(TestCaseExecutor.java:328)
	at com.kms.katalon.core.main.TestCaseExecutor.processExecutionPhase(TestCaseExecutor.java:307)
	at com.kms.katalon.core.main.TestCaseExecutor.accessMainPhase(TestCaseExecutor.java:299)
	at com.kms.katalon.core.main.TestCaseExecutor.execute(TestCaseExecutor.java:233)
	at com.kms.katalon.core.main.TestSuiteExecutor.accessTestCaseMainPhase(TestSuiteExecutor.java:169)
	at com.kms.katalon.core.main.TestSuiteExecutor.accessTestSuiteMainPhase(TestSuiteExecutor.java:142)
	at com.kms.katalon.core.main.TestSuiteExecutor.execute(TestSuiteExecutor.java:91)
	at com.kms.katalon.core.main.TestCaseMain.startTestSuite(TestCaseMain.java:157)
	at com.kms.katalon.core.main.TestCaseMain$startTestSuite$0.call(Unknown Source)
	at TempTestSuite1591873464179.run(TempTestSuite1591873464179.groovy:37)]]></system-err>
   </testsuite>
</testsuites>
